[0.072s] Invoking command in '/home/saba/workspaces/ramen_robot_ws/build/is-core': /usr/bin/cmake /home/saba/workspaces/ramen_robot_ws/src/Integration-Service/core -DCMAKE_INSTALL_PREFIX=/home/saba/workspaces/ramen_robot_ws/install/is-core
[5.469s] -- The CXX compiler identification is GNU 11.4.0
[5.470s] -- Detecting CXX compiler ABI info
[5.470s] -- Detecting CXX compiler ABI info - done
[5.470s] -- Check for working CXX compiler: /usr/bin/c++ - skipped
[5.470s] -- Detecting CXX compile features
[5.471s] -- Detecting CXX compile features - done
[5.471s] -- Updating submodules
[5.471s] -- Found Boost: /usr/lib/x86_64-linux-gnu/cmake/Boost-1.74.0/BoostConfig.cmake (found version "1.74.0") found components: program_options 
[5.471s] -- Performing Test COMPILER_HAS_HIDDEN_VISIBILITY
[5.472s] -- Performing Test COMPILER_HAS_HIDDEN_VISIBILITY - Success
[5.472s] -- Performing Test COMPILER_HAS_HIDDEN_INLINE_VISIBILITY
[5.472s] -- Performing Test COMPILER_HAS_HIDDEN_INLINE_VISIBILITY - Success
[5.472s] -- Performing Test COMPILER_HAS_DEPRECATED_ATTR
[5.473s] -- Performing Test COMPILER_HAS_DEPRECATED_ATTR - Success
[5.473s] -- Configuring done
[5.474s] -- Generating done
[5.475s] -- Build files have been written to: /home/saba/workspaces/ramen_robot_ws/build/is-core
[5.476s] fatal: No url found for submodule path './' in .gitmodules
[5.477s] [0mERRORCannot update git submodules and xtypes are missing[0m
[5.478s] Invoked command in '/home/saba/workspaces/ramen_robot_ws/build/is-core' returned '0': /usr/bin/cmake /home/saba/workspaces/ramen_robot_ws/src/Integration-Service/core -DCMAKE_INSTALL_PREFIX=/home/saba/workspaces/ramen_robot_ws/install/is-core
[5.481s] Invoking command in '/home/saba/workspaces/ramen_robot_ws/build/is-core': /usr/bin/cmake --build /home/saba/workspaces/ramen_robot_ws/build/is-core -- -j16 -l16
[5.552s] [  9%] [32mBuilding CXX object CMakeFiles/is-core.dir/src/runtime/FieldToString.cpp.o[0m
[5.553s] [ 18%] [32mBuilding CXX object CMakeFiles/is-core.dir/src/runtime/StringTemplate.cpp.o[0m
[5.554s] [ 27%] [32mBuilding CXX object CMakeFiles/is-core.dir/src/utils/Log.cpp.o[0m
[5.557s] [ 36%] [32mBuilding CXX object CMakeFiles/is-core.dir/src/runtime/MiddlewareInterfaceExtension.cpp.o[0m
[5.557s] [ 45%] [32mBuilding CXX object CMakeFiles/is-core.dir/src/runtime/Search.cpp.o[0m
[5.558s] [ 54%] [32mBuilding CXX object CMakeFiles/is-core.dir/src/systemhandle/RegisterSystem.cpp.o[0m
[5.559s] [ 63%] [32mBuilding CXX object CMakeFiles/is-core.dir/src/Config.cpp.o[0m
[5.559s] [ 72%] [32mBuilding CXX object CMakeFiles/is-core.dir/src/Instance.cpp.o[0m
[5.564s] In file included from [01m[K/home/saba/workspaces/ramen_robot_ws/src/Integration-Service/core/include/is/core/runtime/FieldToString.hpp:22[m[K,
[5.564s]                  from [01m[K/home/saba/workspaces/ramen_robot_ws/src/Integration-Service/core/src/runtime/FieldToString.cpp:19[m[K:
[5.564s] [01m[K/home/saba/workspaces/ramen_robot_ws/src/Integration-Service/core/include/is/core/Message.hpp:21:10:[m[K [01;31m[Kfatal error: [m[Kxtypes/xtypes.hpp: „Åù„ÅÆ„Çà„ÅÜ„Å™„Éï„Ç°„Ç§„É´„ÇÑ„Éá„Ç£„É¨„ÇØ„Éà„É™„ÅØ„ÅÇ„Çä„Åæ„Åõ„Çì
[5.564s]    21 | #include [01;31m[K<xtypes/xtypes.hpp>[m[K
[5.564s]       |          [01;31m[K^~~~~~~~~~~~~~~~~~~[m[K
[5.564s] compilation terminated.
[5.566s] In file included from [01m[K/home/saba/workspaces/ramen_robot_ws/src/Integration-Service/core/include/is/core/runtime/StringTemplate.hpp:22[m[K,
[5.566s]                  from [01m[K/home/saba/workspaces/ramen_robot_ws/src/Integration-Service/core/src/runtime/StringTemplate.cpp:18[m[K:
[5.566s] [01m[K/home/saba/workspaces/ramen_robot_ws/src/Integration-Service/core/include/is/core/Message.hpp:21:10:[m[K [01;31m[Kfatal error: [m[Kxtypes/xtypes.hpp: „Åù„ÅÆ„Çà„ÅÜ„Å™„Éï„Ç°„Ç§„É´„ÇÑ„Éá„Ç£„É¨„ÇØ„Éà„É™„ÅØ„ÅÇ„Çä„Åæ„Åõ„Çì
[5.566s]    21 | #include [01;31m[K<xtypes/xtypes.hpp>[m[K
[5.567s]       |          [01;31m[K^~~~~~~~~~~~~~~~~~~[m[K
[5.567s] compilation terminated.
[5.567s] gmake[2]: *** [CMakeFiles/is-core.dir/build.make:76: CMakeFiles/is-core.dir/src/runtime/FieldToString.cpp.o] „Ç®„É©„Éº 1
[5.567s] gmake[2]: *** Êú™ÂÆå‰∫Ü„ÅÆ„Ç∏„Éß„Éñ„ÇíÂæÖ„Å£„Å¶„ÅÑ„Åæ„Åô....
[5.567s] gmake[2]: *** [CMakeFiles/is-core.dir/build.make:118: CMakeFiles/is-core.dir/src/runtime/StringTemplate.cpp.o] „Ç®„É©„Éº 1
[5.669s] In file included from [01m[K/home/saba/workspaces/ramen_robot_ws/src/Integration-Service/core/include/is/systemhandle/SystemHandle.hpp:23[m[K,
[5.669s]                  from [01m[K/home/saba/workspaces/ramen_robot_ws/src/Integration-Service/core/include/is/systemhandle/RegisterSystem.hpp:22[m[K,
[5.669s]                  from [01m[K/home/saba/workspaces/ramen_robot_ws/src/Integration-Service/core/src/systemhandle/RegisterSystem.cpp:19[m[K:
[5.669s] [01m[K/home/saba/workspaces/ramen_robot_ws/src/Integration-Service/core/include/is/core/Message.hpp:21:10:[m[K [01;31m[Kfatal error: [m[Kxtypes/xtypes.hpp: „Åù„ÅÆ„Çà„ÅÜ„Å™„Éï„Ç°„Ç§„É´„ÇÑ„Éá„Ç£„É¨„ÇØ„Éà„É™„ÅØ„ÅÇ„Çä„Åæ„Åõ„Çì
[5.670s]    21 | #include [01;31m[K<xtypes/xtypes.hpp>[m[K
[5.670s]       |          [01;31m[K^~~~~~~~~~~~~~~~~~~[m[K
[5.670s] compilation terminated.
[5.671s] In file included from [01m[K/home/saba/workspaces/ramen_robot_ws/src/Integration-Service/core/include/is/systemhandle/SystemHandle.hpp:23[m[K,
[5.671s]                  from [01m[K/home/saba/workspaces/ramen_robot_ws/src/Integration-Service/core/include/is/systemhandle/RegisterSystem.hpp:22[m[K,
[5.672s]                  from [01m[K/home/saba/workspaces/ramen_robot_ws/src/Integration-Service/core/include/is/core/Config.hpp:22[m[K,
[5.672s]                  from [01m[K/home/saba/workspaces/ramen_robot_ws/src/Integration-Service/core/src/Config.cpp:19[m[K:
[5.672s] [01m[K/home/saba/workspaces/ramen_robot_ws/src/Integration-Service/core/include/is/core/Message.hpp:21:10:[m[K [01;31m[Kfatal error: [m[Kxtypes/xtypes.hpp: „Åù„ÅÆ„Çà„ÅÜ„Å™„Éï„Ç°„Ç§„É´„ÇÑ„Éá„Ç£„É¨„ÇØ„Éà„É™„ÅØ„ÅÇ„Çä„Åæ„Åõ„Çì
[5.672s]    21 | #include [01;31m[K<xtypes/xtypes.hpp>[m[K
[5.672s]       |          [01;31m[K^~~~~~~~~~~~~~~~~~~[m[K
[5.672s] compilation terminated.
[5.678s] gmake[2]: *** [CMakeFiles/is-core.dir/build.make:132: CMakeFiles/is-core.dir/src/systemhandle/RegisterSystem.cpp.o] „Ç®„É©„Éº 1
[5.678s] gmake[2]: *** [CMakeFiles/is-core.dir/build.make:160: CMakeFiles/is-core.dir/src/Config.cpp.o] „Ç®„É©„Éº 1
[5.695s] In file included from [01m[K/home/saba/workspaces/ramen_robot_ws/src/Integration-Service/core/include/is/systemhandle/SystemHandle.hpp:23[m[K,
[5.695s]                  from [01m[K/home/saba/workspaces/ramen_robot_ws/src/Integration-Service/core/include/is/systemhandle/RegisterSystem.hpp:22[m[K,
[5.696s]                  from [01m[K/home/saba/workspaces/ramen_robot_ws/src/Integration-Service/core/include/is/core/Config.hpp:22[m[K,
[5.696s]                  from [01m[K/home/saba/workspaces/ramen_robot_ws/src/Integration-Service/core/include/is/core/Instance.hpp:26[m[K,
[5.696s]                  from [01m[K/home/saba/workspaces/ramen_robot_ws/src/Integration-Service/core/src/Instance.cpp:18[m[K:
[5.696s] [01m[K/home/saba/workspaces/ramen_robot_ws/src/Integration-Service/core/include/is/core/Message.hpp:21:10:[m[K [01;31m[Kfatal error: [m[Kxtypes/xtypes.hpp: „Åù„ÅÆ„Çà„ÅÜ„Å™„Éï„Ç°„Ç§„É´„ÇÑ„Éá„Ç£„É¨„ÇØ„Éà„É™„ÅØ„ÅÇ„Çä„Åæ„Åõ„Çì
[5.697s]    21 | #include [01;31m[K<xtypes/xtypes.hpp>[m[K
[5.697s]       |          [01;31m[K^~~~~~~~~~~~~~~~~~~[m[K
[5.697s] compilation terminated.
[5.697s] gmake[2]: *** [CMakeFiles/is-core.dir/build.make:174: CMakeFiles/is-core.dir/src/Instance.cpp.o] „Ç®„É©„Éº 1
[6.710s] [01m[K/home/saba/workspaces/ramen_robot_ws/src/Integration-Service/core/src/runtime/Search.cpp:[m[K In constructor ‚Äò[01m[Keprosima::is::core::Search::Implementation::GlobalPathInitializer::GlobalPathInitializer()[m[K‚Äô:
[6.710s] [01m[K/home/saba/workspaces/ramen_robot_ws/src/Integration-Service/core/src/runtime/Search.cpp:530:37:[m[K [01;35m[Kwarning: [m[Kloop variable ‚Äò[01m[Kpath[m[K‚Äô of type ‚Äò[01m[Kconst string&[m[K‚Äô {aka ‚Äò[01m[Kconst std::__cxx11::basic_string<char>&[m[K‚Äô} binds to a temporary constructed from type ‚Äò[01m[Kconst char* const[m[K‚Äô [[01;35m[K]8;;https://gcc.gnu.org/onlinedocs/gcc/Warning-Options.html#index-Wrange-loop-construct-Wrange-loop-construct]8;;[m[K]
[6.710s]   530 |             for (const std::string& [01;35m[Kpath[m[K :
[6.710s]       |                                     [01;35m[K^~~~[m[K
[6.711s] [01m[K/home/saba/workspaces/ramen_robot_ws/src/Integration-Service/core/src/runtime/Search.cpp:530:37:[m[K [01;36m[Knote: [m[Kuse non-reference type ‚Äò[01m[Kconst string[m[K‚Äô {aka ‚Äò[01m[Kconst std::__cxx11::basic_string<char>[m[K‚Äô} to make the copy explicit or ‚Äò[01m[Kconst char* const&[m[K‚Äô to prevent copying
[7.502s] gmake[1]: *** [CMakeFiles/Makefile2:130: CMakeFiles/is-core.dir/all] „Ç®„É©„Éº 2
[7.503s] gmake: *** [Makefile:146: all] „Ç®„É©„Éº 2
[7.506s] Invoked command in '/home/saba/workspaces/ramen_robot_ws/build/is-core' returned '2': /usr/bin/cmake --build /home/saba/workspaces/ramen_robot_ws/build/is-core -- -j16 -l16
